<?xml version="1.0"?><coverage lines-covered="565" lines-valid="1348" line-rate="0.41913946587537093" branches-covered="0" branches-valid="0" branch-rate="0" complexity="0" version="1.9" timestamp="1765387382"><sources><source>/Users/emilie/Desktop/minikv</source></sources><packages><package name="tests" line-rate="0" branch-rate="0" complexity="0"><classes></classes></package><package name="src/ops" line-rate="0" branch-rate="0" complexity="0"><classes><class name="compact" filename="src/ops/compact.rs" line-rate="0" branch-rate="0" complexity="0"><methods/><lines><line number="9" hits="0"/><line number="14" hits="0"/><line number="15" hits="0"/><line number="16" hits="0"/><line number="17" hits="0"/><line number="18" hits="0"/><line number="19" hits="0"/><line number="22" hits="0"/><line number="23" hits="0"/><line number="25" hits="0"/><line number="26" hits="0"/><line number="27" hits="0"/><line number="28" hits="0"/><line number="29" hits="0"/><line number="32" hits="0"/><line number="33" hits="0"/><line number="36" hits="0"/><line number="37" hits="0"/><line number="42" hits="0"/><line number="49" hits="0"/><line number="50" hits="0"/><line number="57" hits="0"/><line number="58" hits="0"/><line number="59" hits="0"/></lines></class><class name="repair" filename="src/ops/repair.rs" line-rate="0" branch-rate="0" complexity="0"><methods/><lines><line number="15" hits="0"/><line number="20" hits="0"/><line number="27" hits="0"/><line number="28" hits="0"/><line number="29" hits="0"/><line number="30" hits="0"/><line number="35" hits="0"/><line number="37" hits="0"/><line number="38" hits="0"/><line number="39" hits="0"/><line number="40" hits="0"/><line number="42" hits="0"/><line number="43" hits="0"/><line number="45" hits="0"/><line number="47" hits="0"/><line number="48" hits="0"/><line number="52" hits="0"/><line number="53" hits="0"/></lines></class><class name="verify" filename="src/ops/verify.rs" line-rate="0" branch-rate="0" complexity="0"><methods/><lines><line number="13" hits="0"/><line number="18" hits="0"/><line number="25" hits="0"/><line number="26" hits="0"/><line number="27" hits="0"/><line number="28" hits="0"/><line number="29" hits="0"/><line number="30" hits="0"/><line number="35" hits="0"/><line number="39" hits="0"/></lines></class></classes></package><package name="" line-rate="0.41913946587537093" branch-rate="0" complexity="0"><classes></classes></package><package name="src/coordinator" line-rate="0.23059866962305986" branch-rate="0" complexity="0"><classes><class name="grpc" filename="src/coordinator/grpc.rs" line-rate="0" branch-rate="0" complexity="0"><methods/><lines><line number="17" hits="0"/><line number="18" hits="0"/><line number="23" hits="0"/><line number="28" hits="0"/><line number="29" hits="0"/><line number="74" hits="0"/></lines></class><class name="http" filename="src/coordinator/http.rs" line-rate="0" branch-rate="0" complexity="0"><methods/><lines><line number="2" hits="0"/><line number="4" hits="0"/><line number="5" hits="0"/><line number="6" hits="0"/><line number="7" hits="0"/><line number="12" hits="0"/><line number="14" hits="0"/><line number="15" hits="0"/><line number="16" hits="0"/><line number="17" hits="0"/><line number="22" hits="0"/><line number="24" hits="0"/><line number="25" hits="0"/><line number="26" hits="0"/><line number="27" hits="0"/><line number="32" hits="0"/><line number="34" hits="0"/><line number="60" hits="0"/><line number="61" hits="0"/><line number="62" hits="0"/><line number="63" hits="0"/><line number="64" hits="0"/><line number="65" hits="0"/><line number="67" hits="0"/><line number="68" hits="0"/><line number="69" hits="0"/><line number="70" hits="0"/><line number="72" hits="0"/><line number="73" hits="0"/><line number="78" hits="0"/><line number="80" hits="0"/><line number="81" hits="0"/><line number="82" hits="0"/><line number="83" hits="0"/><line number="84" hits="0"/><line number="85" hits="0"/><line number="86" hits="0"/><line number="87" hits="0"/><line number="88" hits="0"/><line number="89" hits="0"/><line number="91" hits="0"/><line number="92" hits="0"/><line number="93" hits="0"/><line number="95" hits="0"/><line number="96" hits="0"/><line number="97" hits="0"/><line number="101" hits="0"/><line number="102" hits="0"/><line number="104" hits="0"/><line number="106" hits="0"/><line number="108" hits="0"/><line number="116" hits="0"/><line number="117" hits="0"/><line number="118" hits="0"/><line number="120" hits="0"/><line number="123" hits="0"/><line number="124" hits="0"/><line number="125" hits="0"/><line number="126" hits="0"/><line number="134" hits="0"/><line number="140" hits="0"/><line number="141" hits="0"/><line number="142" hits="0"/><line number="146" hits="0"/><line number="147" hits="0"/><line number="149" hits="0"/><line number="150" hits="0"/><line number="151" hits="0"/><line number="152" hits="0"/><line number="156" hits="0"/><line number="158" hits="0"/><line number="161" hits="0"/><line number="162" hits="0"/><line number="163" hits="0"/><line number="168" hits="0"/><line number="175" hits="0"/><line number="179" hits="0"/><line number="183" hits="0"/><line number="184" hits="0"/><line number="188" hits="0"/><line number="195" hits="0"/></lines></class><class name="metadata" filename="src/coordinator/metadata.rs" line-rate="0.6351351351351351" branch-rate="0" complexity="0"><methods/><lines><line number="58" hits="2"/><line number="59" hits="4"/><line number="60" hits="4"/><line number="61" hits="4"/><line number="63" hits="14"/><line number="65" hits="2"/><line number="72" hits="1"/><line number="73" hits="5"/><line number="74" hits="3"/><line number="75" hits="1"/><line number="76" hits="6"/><line number="77" hits="1"/><line number="82" hits="2"/><line number="83" hits="10"/><line number="84" hits="10"/><line number="85" hits="1"/><line number="86" hits="4"/><line number="87" hits="1"/><line number="88" hits="1"/><line number="90" hits="1"/><line number="96" hits="1"/><line number="97" hits="5"/><line number="98" hits="5"/><line number="99" hits="1"/><line number="103" hits="0"/><line number="104" hits="0"/><line number="105" hits="0"/><line number="107" hits="0"/><line number="108" hits="0"/><line number="109" hits="0"/><line number="110" hits="0"/><line number="111" hits="0"/><line number="112" hits="0"/><line number="115" hits="0"/><line number="121" hits="1"/><line number="122" hits="5"/><line number="123" hits="3"/><line number="124" hits="1"/><line number="125" hits="6"/><line number="126" hits="1"/><line number="130" hits="1"/><line number="131" hits="5"/><line number="132" hits="5"/><line number="133" hits="1"/><line number="134" hits="4"/><line number="135" hits="1"/><line number="136" hits="1"/><line number="138" hits="0"/><line number="143" hits="1"/><line number="144" hits="5"/><line number="145" hits="5"/><line number="147" hits="2"/><line number="148" hits="3"/><line number="149" hits="2"/><line number="150" hits="4"/><line number="151" hits="1"/><line number="152" hits="3"/><line number="155" hits="1"/><line number="159" hits="0"/><line number="160" hits="0"/><line number="161" hits="0"/><line number="162" hits="0"/><line number="163" hits="0"/><line number="164" hits="0"/><line number="170" hits="0"/><line number="171" hits="0"/><line number="172" hits="0"/><line number="173" hits="0"/><line number="177" hits="0"/><line number="178" hits="0"/><line number="179" hits="0"/><line number="183" hits="0"/><line number="184" hits="0"/><line number="185" hits="0"/></lines></class><class name="placement" filename="src/coordinator/placement.rs" line-rate="0.6" branch-rate="0" complexity="0"><methods/><lines><line number="20" hits="3"/><line number="22" hits="9"/><line number="30" hits="3"/><line number="31" hits="6"/><line number="32" hits="0"/><line number="36" hits="9"/><line number="38" hits="19"/><line number="39" hits="15"/><line number="42" hits="6"/><line number="43" hits="1"/><line number="47" hits="10"/><line number="49" hits="4"/><line number="50" hits="1"/><line number="51" hits="2"/><line number="52" hits="1"/><line number="56" hits="1"/><line number="60" hits="0"/><line number="61" hits="0"/><line number="65" hits="0"/><line number="66" hits="0"/><line number="68" hits="0"/><line number="69" hits="0"/><line number="72" hits="0"/><line number="76" hits="0"/><line number="77" hits="0"/></lines></class><class name="raft_node" filename="src/coordinator/raft_node.rs" line-rate="0.21" branch-rate="0" complexity="0"><methods/><lines><line number="21" hits="0"/><line number="22" hits="0"/><line number="23" hits="0"/><line number="24" hits="0"/><line number="25" hits="0"/><line number="46" hits="0"/><line number="51" hits="0"/><line number="55" hits="0"/><line number="56" hits="0"/><line number="59" hits="0"/><line number="60" hits="0"/><line number="63" hits="0"/><line number="64" hits="0"/><line number="67" hits="0"/><line number="68" hits="0"/><line number="69" hits="0"/><line number="73" hits="0"/><line number="74" hits="0"/><line number="78" hits="0"/><line number="79" hits="0"/><line number="80" hits="0"/><line number="81" hits="0"/><line number="82" hits="0"/><line number="83" hits="0"/><line number="84" hits="0"/><line number="85" hits="0"/><line number="86" hits="0"/><line number="87" hits="0"/><line number="89" hits="32"/><line number="90" hits="64"/><line number="97" hits="0"/><line number="98" hits="0"/><line number="99" hits="0"/><line number="100" hits="0"/><line number="101" hits="0"/><line number="102" hits="0"/><line number="103" hits="0"/><line number="104" hits="0"/><line number="105" hits="0"/><line number="108" hits="0"/><line number="111" hits="0"/><line number="114" hits="0"/><line number="121" hits="0"/><line number="123" hits="0"/><line number="125" hits="0"/><line number="126" hits="0"/><line number="127" hits="0"/><line number="129" hits="0"/><line number="130" hits="0"/><line number="131" hits="0"/><line number="133" hits="0"/><line number="139" hits="0"/><line number="143" hits="0"/><line number="144" hits="0"/><line number="145" hits="0"/><line number="146" hits="0"/><line number="148" hits="0"/><line number="149" hits="0"/><line number="151" hits="0"/><line number="152" hits="0"/><line number="153" hits="0"/><line number="155" hits="0"/><line number="156" hits="0"/><line number="157" hits="0"/><line number="161" hits="0"/><line number="168" hits="16"/><line number="172" hits="48"/><line number="173" hits="32"/><line number="174" hits="48"/><line number="175" hits="32"/><line number="176" hits="32"/><line number="177" hits="0"/><line number="179" hits="16"/><line number="180" hits="0"/><line number="182" hits="32"/><line number="183" hits="64"/><line number="184" hits="32"/><line number="187" hits="48"/><line number="188" hits="16"/><line number="189" hits="16"/><line number="190" hits="80"/><line number="192" hits="16"/><line number="194" hits="0"/><line number="195" hits="0"/><line number="199" hits="32"/><line number="205" hits="0"/><line number="206" hits="0"/><line number="207" hits="0"/><line number="208" hits="0"/><line number="209" hits="0"/><line number="210" hits="0"/><line number="211" hits="0"/><line number="214" hits="0"/><line number="218" hits="0"/><line number="219" hits="0"/><line number="220" hits="0"/><line number="224" hits="0"/><line number="225" hits="0"/><line number="226" hits="0"/><line number="227" hits="0"/><line number="229" hits="0"/><line number="230" hits="0"/><line number="233" hits="36"/><line number="236" hits="144"/><line number="237" hits="108"/><line number="238" hits="144"/><line number="239" hits="144"/><line number="240" hits="144"/><line number="241" hits="144"/><line number="242" hits="108"/><line number="243" hits="108"/><line number="244" hits="72"/><line number="248" hits="24"/><line number="249" hits="28"/><line number="252" hits="28"/><line number="253" hits="28"/><line number="256" hits="0"/><line number="257" hits="0"/><line number="260" hits="32"/><line number="261" hits="32"/><line number="265" hits="20"/><line number="266" hits="20"/><line number="267" hits="40"/><line number="271" hits="8"/><line number="272" hits="8"/><line number="273" hits="8"/><line number="274" hits="16"/><line number="275" hits="16"/><line number="279" hits="0"/><line number="280" hits="0"/><line number="281" hits="0"/><line number="282" hits="0"/><line number="284" hits="0"/><line number="285" hits="0"/><line number="286" hits="0"/><line number="288" hits="0"/><line number="292" hits="0"/><line number="293" hits="0"/><line number="294" hits="0"/><line number="296" hits="0"/><line number="297" hits="0"/><line number="300" hits="0"/><line number="301" hits="0"/><line number="302" hits="0"/><line number="305" hits="0"/><line number="306" hits="0"/><line number="307" hits="0"/><line number="309" hits="0"/><line number="314" hits="0"/><line number="315" hits="0"/><line number="317" hits="0"/><line number="325" hits="0"/><line number="326" hits="0"/><line number="327" hits="0"/><line number="328" hits="0"/><line number="329" hits="0"/><line number="330" hits="0"/><line number="331" hits="0"/><line number="333" hits="0"/><line number="335" hits="0"/><line number="336" hits="0"/><line number="337" hits="0"/><line number="339" hits="0"/><line number="340" hits="0"/><line number="341" hits="0"/><line number="342" hits="0"/><line number="345" hits="0"/><line number="346" hits="0"/><line number="348" hits="0"/><line number="351" hits="0"/><line number="352" hits="0"/><line number="353" hits="0"/><line number="357" hits="0"/><line number="358" hits="0"/><line number="360" hits="0"/><line number="361" hits="0"/><line number="362" hits="0"/><line number="363" hits="0"/><line number="365" hits="0"/><line number="367" hits="0"/><line number="369" hits="0"/><line number="370" hits="0"/><line number="377" hits="0"/><line number="378" hits="0"/><line number="379" hits="0"/><line number="380" hits="0"/><line number="381" hits="0"/><line number="382" hits="0"/><line number="383" hits="0"/><line number="385" hits="0"/><line number="387" hits="0"/><line number="389" hits="0"/><line number="390" hits="0"/><line number="391" hits="0"/><line number="392" hits="0"/><line number="393" hits="0"/><line number="394" hits="0"/><line number="397" hits="0"/><line number="398" hits="0"/><line number="399" hits="0"/></lines></class><class name="raft_rpc_client" filename="src/coordinator/raft_rpc_client.rs" line-rate="0" branch-rate="0" complexity="0"><methods/><lines><line number="5" hits="0"/><line number="9" hits="0"/><line number="10" hits="0"/><line number="11" hits="0"/><line number="12" hits="0"/><line number="13" hits="0"/><line number="14" hits="0"/><line number="17" hits="0"/><line number="21" hits="0"/><line number="22" hits="0"/><line number="23" hits="0"/><line number="24" hits="0"/><line number="25" hits="0"/><line number="26" hits="0"/></lines></class><class name="server" filename="src/coordinator/server.rs" line-rate="0" branch-rate="0" complexity="0"><methods/><lines><line number="17" hits="0"/><line number="21" hits="0"/><line number="22" hits="0"/><line number="23" hits="0"/><line number="24" hits="0"/><line number="25" hits="0"/><line number="26" hits="0"/><line number="29" hits="0"/><line number="32" hits="0"/><line number="33" hits="0"/><line number="34" hits="0"/><line number="38" hits="0"/><line number="39" hits="0"/><line number="43" hits="0"/><line number="44" hits="0"/><line number="45" hits="0"/><line number="47" hits="0"/><line number="50" hits="0"/><line number="51" hits="0"/><line number="52" hits="0"/><line number="53" hits="0"/><line number="56" hits="0"/><line number="57" hits="0"/><line number="59" hits="0"/><line number="61" hits="0"/><line number="62" hits="0"/><line number="63" hits="0"/><line number="64" hits="0"/><line number="67" hits="0"/><line number="68" hits="0"/><line number="69" hits="0"/><line number="74" hits="0"/></lines></class><class name="volume_client" filename="src/coordinator/volume_client.rs" line-rate="0" branch-rate="0" complexity="0"><methods/><lines><line number="10" hits="0"/><line number="11" hits="0"/><line number="12" hits="0"/><line number="15" hits="0"/><line number="22" hits="0"/><line number="23" hits="0"/><line number="24" hits="0"/><line number="25" hits="0"/><line number="26" hits="0"/><line number="29" hits="0"/><line number="30" hits="0"/><line number="33" hits="0"/><line number="38" hits="0"/><line number="40" hits="0"/><line number="41" hits="0"/><line number="44" hits="0"/><line number="48" hits="0"/><line number="50" hits="0"/><line number="51" hits="0"/></lines></class></classes></package><package name="src" line-rate="0.41913946587537093" branch-rate="0" complexity="0"><classes></classes></package><package name="src/volume" line-rate="0.8054474708171206" branch-rate="0" complexity="0"><classes><class name="blob" filename="src/volume/blob.rs" line-rate="0.8246268656716418" branch-rate="0" complexity="0"><methods/><lines><line number="49" hits="36"/><line number="50" hits="72"/><line number="51" hits="72"/><line number="53" hits="108"/><line number="54" hits="72"/><line number="55" hits="16"/><line number="57" hits="28"/><line number="60" hits="108"/><line number="61" hits="72"/><line number="62" hits="24"/><line number="63" hits="16"/><line number="64" hits="8"/><line number="66" hits="56"/><line number="69" hits="108"/><line number="70" hits="144"/><line number="72" hits="88"/><line number="73" hits="16"/><line number="74" hits="16"/><line number="75" hits="48"/><line number="76" hits="80"/><line number="77" hits="96"/><line number="78" hits="48"/><line number="80" hits="0"/><line number="81" hits="0"/><line number="84" hits="16"/><line number="87" hits="36"/><line number="88" hits="112"/><line number="90" hits="28"/><line number="91" hits="36"/><line number="92" hits="60"/><line number="93" hits="72"/><line number="94" hits="36"/><line number="98" hits="144"/><line number="100" hits="36"/><line number="101" hits="108"/><line number="103" hits="72"/><line number="104" hits="72"/><line number="105" hits="72"/><line number="106" hits="72"/><line number="107" hits="36"/><line number="108" hits="36"/><line number="112" hits="4420"/><line number="113" hits="17680"/><line number="114" hits="13260"/><line number="115" hits="22100"/><line number="116" hits="26520"/><line number="117" hits="13260"/><line number="118" hits="22100"/><line number="119" hits="22100"/><line number="120" hits="4420"/><line number="123" hits="4032"/><line number="124" hits="12096"/><line number="125" hits="20160"/><line number="126" hits="24192"/><line number="128" hits="8064"/><line number="129" hits="4"/><line number="132" hits="8056"/><line number="133" hits="16096"/><line number="134" hits="4"/><line number="138" hits="4"/><line number="139" hits="12"/><line number="140" hits="12"/><line number="141" hits="4"/><line number="144" hits="0"/><line number="145" hits="0"/><line number="146" hits="0"/><line number="148" hits="0"/><line number="149" hits="0"/><line number="150" hits="0"/><line number="152" hits="0"/><line number="153" hits="0"/><line number="154" hits="0"/><line number="155" hits="0"/><line number="156" hits="0"/><line number="157" hits="0"/><line number="158" hits="0"/><line number="159" hits="0"/><line number="160" hits="0"/><line number="165" hits="0"/><line number="166" hits="0"/><line number="167" hits="0"/><line number="169" hits="0"/><line number="170" hits="0"/><line number="171" hits="0"/><line number="173" hits="0"/><line number="174" hits="0"/><line number="175" hits="0"/><line number="177" hits="0"/><line number="180" hits="8"/><line number="181" hits="16"/><line number="182" hits="24"/><line number="183" hits="16"/><line number="184" hits="16"/><line number="188" hits="16"/><line number="189" hits="24"/><line number="190" hits="16"/><line number="191" hits="8"/><line number="194" hits="0"/><line number="195" hits="0"/><line number="197" hits="0"/><line number="199" hits="0"/><line number="200" hits="0"/><line number="205" hits="4420"/><line number="206" hits="4420"/><line number="207" hits="0"/><line number="208" hits="0"/><line number="209" hits="0"/><line number="210" hits="0"/><line number="214" hits="13260"/><line number="215" hits="4420"/><line number="216" hits="4420"/><line number="217" hits="4420"/><line number="218" hits="4420"/><line number="219" hits="4420"/><line number="222" hits="8840"/><line number="223" hits="4420"/><line number="226" hits="4420"/><line number="234" hits="17680"/><line number="235" hits="17680"/><line number="236" hits="13260"/><line number="237" hits="8840"/><line number="238" hits="17680"/><line number="239" hits="8840"/><line number="244" hits="8840"/><line number="245" hits="13260"/><line number="246" hits="13260"/><line number="248" hits="13260"/><line number="249" hits="13260"/><line number="250" hits="13260"/><line number="251" hits="13260"/><line number="252" hits="13260"/><line number="254" hits="8840"/><line number="255" hits="13260"/><line number="256" hits="13260"/><line number="257" hits="13260"/><line number="258" hits="13260"/><line number="259" hits="13260"/><line number="260" hits="13260"/><line number="261" hits="8840"/><line number="263" hits="4420"/><line number="264" hits="840"/><line number="267" hits="13260"/><line number="268" hits="4420"/><line number="269" hits="8840"/><line number="270" hits="8840"/><line number="271" hits="4420"/><line number="272" hits="4420"/><line number="276" hits="4024"/><line number="277" hits="20120"/><line number="278" hits="8048"/><line number="279" hits="4024"/><line number="280" hits="4024"/><line number="281" hits="4024"/><line number="283" hits="4024"/><line number="284" hits="0"/><line number="287" hits="12072"/><line number="288" hits="12072"/><line number="289" hits="12072"/><line number="291" hits="8048"/><line number="292" hits="12072"/><line number="293" hits="4024"/><line number="294" hits="0"/><line number="297" hits="8048"/><line number="298" hits="12072"/><line number="299" hits="8048"/><line number="301" hits="8048"/><line number="302" hits="12072"/><line number="303" hits="8048"/><line number="305" hits="12072"/><line number="306" hits="12072"/><line number="307" hits="12072"/><line number="308" hits="12072"/><line number="310" hits="8048"/><line number="311" hits="12072"/><line number="312" hits="12072"/><line number="314" hits="8048"/><line number="315" hits="12072"/><line number="316" hits="12072"/><line number="317" hits="12072"/><line number="318" hits="12072"/><line number="319" hits="12072"/><line number="321" hits="4024"/><line number="322" hits="0"/><line number="323" hits="0"/><line number="324" hits="0"/><line number="328" hits="4024"/><line number="331" hits="28"/><line number="336" hits="60"/><line number="337" hits="8"/><line number="338" hits="4"/><line number="339" hits="0"/><line number="342" hits="16"/><line number="343" hits="8"/><line number="344" hits="4"/><line number="345" hits="0"/><line number="348" hits="16"/><line number="349" hits="8"/><line number="350" hits="12"/><line number="351" hits="20"/><line number="352" hits="16"/><line number="357" hits="28"/><line number="360" hits="4"/><line number="361" hits="12"/><line number="362" hits="12"/><line number="363" hits="8"/><line number="364" hits="8"/><line number="366" hits="12"/><line number="367" hits="12"/><line number="368" hits="16"/><line number="372" hits="16"/><line number="373" hits="24"/><line number="374" hits="4"/><line number="375" hits="16"/><line number="376" hits="0"/><line number="379" hits="4"/><line number="380" hits="0"/><line number="383" hits="8"/><line number="384" hits="12"/><line number="385" hits="8"/><line number="387" hits="8"/><line number="388" hits="12"/><line number="389" hits="8"/><line number="391" hits="12"/><line number="392" hits="12"/><line number="393" hits="12"/><line number="395" hits="12"/><line number="396" hits="8"/><line number="397" hits="12"/><line number="399" hits="12"/><line number="400" hits="20"/><line number="401" hits="24"/><line number="402" hits="12"/><line number="404" hits="8"/><line number="405" hits="4"/><line number="406" hits="4"/><line number="407" hits="8"/><line number="408" hits="8"/><line number="409" hits="4"/><line number="410" hits="4"/><line number="414" hits="4"/><line number="416" hits="4"/><line number="419" hits="36"/><line number="420" hits="72"/><line number="421" hits="72"/><line number="423" hits="36"/><line number="424" hits="0"/><line number="427" hits="100"/><line number="428" hits="56"/><line number="429" hits="28"/><line number="430" hits="16"/><line number="433" hits="48"/><line number="434" hits="24"/><line number="435" hits="12"/><line number="436" hits="0"/><line number="439" hits="48"/><line number="440" hits="24"/><line number="441" hits="36"/><line number="443" hits="60"/><line number="444" hits="24"/><line number="446" hits="36"/><line number="447" hits="36"/><line number="448" hits="48"/><line number="450" hits="36"/><line number="451" hits="36"/><line number="453" hits="48"/><line number="454" hits="12"/><line number="455" hits="12"/><line number="462" hits="36"/></lines></class><class name="compaction" filename="src/volume/compaction.rs" line-rate="0" branch-rate="0" complexity="0"><methods/><lines><line number="5" hits="0"/><line number="6" hits="0"/></lines></class><class name="grpc" filename="src/volume/grpc.rs" line-rate="0" branch-rate="0" complexity="0"><methods/><lines><line number="17" hits="0"/><line number="19" hits="0"/><line number="23" hits="0"/><line number="24" hits="0"/><line number="70" hits="0"/><line number="79" hits="0"/><line number="101" hits="0"/><line number="110" hits="0"/></lines></class><class name="http" filename="src/volume/http.rs" line-rate="0" branch-rate="0" complexity="0"><methods/><lines><line number="13" hits="0"/><line number="14" hits="0"/><line number="15" hits="0"/><line number="16" hits="0"/></lines></class><class name="index" filename="src/volume/index.rs" line-rate="0.9125" branch-rate="0" complexity="0"><methods/><lines><line number="35" hits="39"/><line number="37" hits="39"/><line number="42" hits="4441"/><line number="43" hits="17764"/><line number="47" hits="4030"/><line number="48" hits="12090"/><line number="52" hits="5"/><line number="53" hits="15"/><line number="57" hits="3"/><line number="58" hits="9"/><line number="62" hits="3"/><line number="63" hits="6"/><line number="67" hits="0"/><line number="68" hits="0"/><line number="72" hits="8"/><line number="73" hits="16"/><line number="77" hits="0"/><line number="78" hits="0"/><line number="82" hits="0"/><line number="83" hits="0"/><line number="88" hits="9"/><line number="89" hits="27"/><line number="90" hits="27"/><line number="93" hits="27"/><line number="96" hits="27"/><line number="99" hits="51"/><line number="101" hits="42"/><line number="102" hits="42"/><line number="103" hits="42"/><line number="106" hits="42"/><line number="107" hits="42"/><line number="108" hits="42"/><line number="111" hits="42"/><line number="112" hits="42"/><line number="113" hits="42"/><line number="116" hits="18"/><line number="117" hits="9"/><line number="122" hits="9"/><line number="123" hits="27"/><line number="124" hits="27"/><line number="127" hits="18"/><line number="128" hits="27"/><line number="129" hits="9"/><line number="130" hits="0"/><line number="134" hits="18"/><line number="135" hits="27"/><line number="136" hits="27"/><line number="138" hits="18"/><line number="141" hits="9"/><line number="143" hits="28"/><line number="144" hits="42"/><line number="145" hits="28"/><line number="147" hits="42"/><line number="148" hits="42"/><line number="149" hits="42"/><line number="150" hits="14"/><line number="153" hits="28"/><line number="154" hits="42"/><line number="155" hits="42"/><line number="157" hits="28"/><line number="158" hits="42"/><line number="159" hits="42"/><line number="161" hits="28"/><line number="162" hits="42"/><line number="163" hits="42"/><line number="166" hits="28"/><line number="167" hits="42"/><line number="168" hits="28"/><line number="170" hits="42"/><line number="171" hits="42"/><line number="172" hits="42"/><line number="173" hits="14"/><line number="175" hits="28"/><line number="176" hits="14"/><line number="177" hits="14"/><line number="178" hits="28"/><line number="179" hits="28"/><line number="180" hits="14"/><line number="181" hits="14"/><line number="186" hits="9"/></lines></class><class name="server" filename="src/volume/server.rs" line-rate="0" branch-rate="0" complexity="0"><methods/><lines><line number="21" hits="0"/><line number="22" hits="0"/><line number="23" hits="0"/><line number="24" hits="0"/><line number="25" hits="0"/><line number="31" hits="0"/><line number="32" hits="0"/><line number="33" hits="0"/></lines></class><class name="wal" filename="src/volume/wal.rs" line-rate="0.8333333333333334" branch-rate="0" complexity="0"><methods/><lines><line number="44" hits="39"/><line number="45" hits="117"/><line number="48" hits="78"/><line number="49" hits="78"/><line number="52" hits="78"/><line number="56" hits="78"/><line number="59" hits="117"/><line number="61" hits="39"/><line number="62" hits="78"/><line number="63" hits="117"/><line number="64" hits="39"/><line number="65" hits="39"/><line number="71" hits="39"/><line number="72" hits="117"/><line number="73" hits="78"/><line number="74" hits="0"/><line number="75" hits="0"/><line number="78" hits="117"/><line number="79" hits="78"/><line number="82" hits="114"/><line number="83" hits="36"/><line number="84" hits="54"/><line number="86" hits="39"/><line number="87" hits="0"/><line number="91" hits="130"/><line number="96" hits="4425"/><line number="97" hits="8850"/><line number="98" hits="4425"/><line number="100" hits="22125"/><line number="101" hits="8850"/><line number="103" hits="4425"/><line number="108" hits="5"/><line number="109" hits="10"/><line number="110" hits="5"/><line number="112" hits="25"/><line number="113" hits="10"/><line number="115" hits="5"/><line number="120" hits="4430"/><line number="127" hits="13290"/><line number="128" hits="17720"/><line number="131" hits="13290"/><line number="132" hits="13290"/><line number="133" hits="13290"/><line number="134" hits="4430"/><line number="135" hits="8860"/><line number="136" hits="4430"/><line number="137" hits="8860"/><line number="140" hits="13290"/><line number="141" hits="4430"/><line number="142" hits="13275"/><line number="146" hits="8860"/><line number="147" hits="13290"/><line number="148" hits="13290"/><line number="149" hits="13290"/><line number="150" hits="13290"/><line number="151" hits="13290"/><line number="152" hits="8855"/><line number="153" hits="8850"/><line number="156" hits="13290"/><line number="157" hits="13290"/><line number="159" hits="4430"/><line number="163" hits="4430"/><line number="164" hits="4430"/><line number="166" hits="860"/><line number="167" hits="860"/><line number="170" hits="0"/><line number="172" hits="4000"/><line number="174" hits="4430"/><line number="178" hits="38"/><line number="182" hits="152"/><line number="183" hits="76"/><line number="184" hits="0"/><line number="185" hits="0"/><line number="188" hits="114"/><line number="190" hits="0"/><line number="191" hits="120"/><line number="192" hits="44"/><line number="193" hits="38"/><line number="194" hits="0"/><line number="195" hits="0"/><line number="196" hits="0"/><line number="201" hits="38"/><line number="205" hits="117"/><line number="207" hits="234"/><line number="208" hits="351"/><line number="209" hits="40"/><line number="210" hits="308"/><line number="211" hits="0"/><line number="214" hits="40"/><line number="215" hits="0"/><line number="219" hits="80"/><line number="220" hits="120"/><line number="221" hits="120"/><line number="224" hits="80"/><line number="225" hits="120"/><line number="228" hits="80"/><line number="229" hits="120"/><line number="230" hits="80"/><line number="233" hits="80"/><line number="234" hits="120"/><line number="235" hits="80"/><line number="238" hits="120"/><line number="239" hits="120"/><line number="240" hits="40"/><line number="241" hits="120"/><line number="244" hits="80"/><line number="245" hits="117"/><line number="246" hits="117"/><line number="247" hits="39"/><line number="249" hits="1"/><line number="253" hits="80"/><line number="254" hits="120"/><line number="255" hits="120"/><line number="258" hits="80"/><line number="259" hits="120"/><line number="260" hits="120"/><line number="261" hits="120"/><line number="262" hits="120"/><line number="263" hits="120"/><line number="264" hits="118"/><line number="265" hits="78"/><line number="268" hits="120"/><line number="269" hits="40"/><line number="270" hits="0"/><line number="273" hits="80"/><line number="276" hits="39"/><line number="279" hits="0"/><line number="282" hits="40"/><line number="283" hits="40"/><line number="284" hits="40"/><line number="289" hits="0"/><line number="290" hits="0"/><line number="291" hits="0"/><line number="292" hits="0"/><line number="293" hits="0"/><line number="297" hits="0"/><line number="300" hits="0"/><line number="302" hits="0"/><line number="303" hits="0"/><line number="305" hits="0"/><line number="309" hits="3"/><line number="310" hits="6"/><line number="311" hits="6"/><line number="312" hits="3"/></lines></class></classes></package><package name="src/bin" line-rate="0" branch-rate="0" complexity="0"><classes><class name="cli" filename="src/bin/cli.rs" line-rate="0" branch-rate="0" complexity="0"><methods/><lines><line number="102" hits="0"/><line number="103" hits="0"/><line number="105" hits="0"/><line number="107" hits="0"/><line number="108" hits="0"/><line number="109" hits="0"/><line number="110" hits="0"/><line number="111" hits="0"/><line number="112" hits="0"/><line number="113" hits="0"/><line number="114" hits="0"/><line number="115" hits="0"/><line number="118" hits="0"/><line number="119" hits="0"/><line number="120" hits="0"/><line number="121" hits="0"/><line number="122" hits="0"/><line number="123" hits="0"/><line number="126" hits="0"/><line number="127" hits="0"/><line number="128" hits="0"/><line number="129" hits="0"/><line number="130" hits="0"/><line number="133" hits="0"/><line number="135" hits="0"/><line number="136" hits="0"/><line number="137" hits="0"/><line number="138" hits="0"/><line number="139" hits="0"/><line number="142" hits="0"/><line number="143" hits="0"/><line number="144" hits="0"/><line number="147" hits="0"/><line number="148" hits="0"/><line number="149" hits="0"/><line number="152" hits="0"/><line number="153" hits="0"/><line number="154" hits="0"/><line number="157" hits="0"/><line number="158" hits="0"/><line number="159" hits="0"/><line number="160" hits="0"/><line number="161" hits="0"/><line number="162" hits="0"/><line number="164" hits="0"/><line number="165" hits="0"/><line number="169" hits="0"/><line number="170" hits="0"/><line number="171" hits="0"/><line number="172" hits="0"/><line number="173" hits="0"/><line number="177" hits="0"/></lines></class><class name="coord" filename="src/bin/coord.rs" line-rate="0" branch-rate="0" complexity="0"><methods/><lines><line number="47" hits="0"/><line number="48" hits="0"/><line number="50" hits="0"/><line number="52" hits="0"/><line number="55" hits="0"/><line number="57" hits="0"/><line number="58" hits="0"/><line number="59" hits="0"/><line number="60" hits="0"/><line number="61" hits="0"/><line number="62" hits="0"/><line number="63" hits="0"/><line number="64" hits="0"/><line number="65" hits="0"/><line number="67" hits="0"/><line number="68" hits="0"/><line number="75" hits="0"/><line number="76" hits="0"/><line number="80" hits="0"/></lines></class><class name="volume" filename="src/bin/volume.rs" line-rate="0" branch-rate="0" complexity="0"><methods/><lines><line number="5" hits="0"/><line number="6" hits="0"/><line number="7" hits="0"/><line number="8" hits="0"/><line number="9" hits="0"/></lines></class></classes></package><package name="src/common" line-rate="0.1843137254901961" branch-rate="0" complexity="0"><classes><class name="config" filename="src/common/config.rs" line-rate="0" branch-rate="0" complexity="0"><methods/><lines><line number="30" hits="0"/><line number="31" hits="0"/><line number="77" hits="0"/><line number="78" hits="0"/><line number="80" hits="0"/><line number="81" hits="0"/><line number="83" hits="0"/><line number="84" hits="0"/><line number="86" hits="0"/><line number="87" hits="0"/><line number="89" hits="0"/><line number="90" hits="0"/><line number="94" hits="0"/><line number="96" hits="0"/><line number="97" hits="0"/><line number="98" hits="0"/><line number="99" hits="0"/><line number="100" hits="0"/><line number="101" hits="0"/><line number="102" hits="0"/><line number="103" hits="0"/><line number="104" hits="0"/><line number="156" hits="0"/><line number="157" hits="0"/><line number="159" hits="0"/><line number="160" hits="0"/><line number="162" hits="0"/><line number="163" hits="0"/><line number="165" hits="0"/><line number="166" hits="0"/><line number="168" hits="0"/><line number="169" hits="0"/><line number="185" hits="0"/><line number="187" hits="0"/><line number="188" hits="0"/><line number="189" hits="0"/><line number="190" hits="0"/><line number="191" hits="0"/><line number="192" hits="0"/><line number="193" hits="0"/><line number="194" hits="0"/><line number="195" hits="0"/><line number="198" hits="0"/><line number="223" hits="0"/><line number="225" hits="0"/><line number="226" hits="0"/><line number="229" hits="0"/><line number="237" hits="0"/><line number="238" hits="0"/><line number="239" hits="0"/><line number="240" hits="0"/><line number="241" hits="0"/><line number="246" hits="0"/><line number="247" hits="0"/><line number="248" hits="0"/><line number="249" hits="0"/><line number="250" hits="0"/><line number="255" hits="0"/><line number="256" hits="0"/><line number="257" hits="0"/><line number="260" hits="0"/><line number="262" hits="0"/><line number="263" hits="0"/><line number="264" hits="0"/><line number="269" hits="0"/><line number="270" hits="0"/><line number="275" hits="0"/></lines></class><class name="error" filename="src/common/error.rs" line-rate="0" branch-rate="0" complexity="0"><methods/><lines><line number="97" hits="0"/><line number="98" hits="0"/><line number="99" hits="0"/><line number="109" hits="0"/><line number="111" hits="0"/><line number="112" hits="0"/><line number="113" hits="0"/><line number="114" hits="0"/><line number="115" hits="0"/><line number="117" hits="0"/><line number="118" hits="0"/><line number="121" hits="0"/><line number="124" hits="0"/><line number="126" hits="0"/><line number="127" hits="0"/><line number="132" hits="0"/><line number="134" hits="0"/><line number="135" hits="0"/><line number="136" hits="0"/><line number="137" hits="0"/><line number="138" hits="0"/><line number="140" hits="0"/><line number="142" hits="0"/><line number="149" hits="0"/><line number="150" hits="0"/><line number="155" hits="0"/><line number="156" hits="0"/><line number="161" hits="0"/><line number="162" hits="0"/></lines></class><class name="hash" filename="src/common/hash.rs" line-rate="0.7115384615384616" branch-rate="0" complexity="0"><methods/><lines><line number="11" hits="12907"/><line number="12" hits="38721"/><line number="13" hits="25814"/><line number="22" hits="0"/><line number="24" hits="0"/><line number="28" hits="0"/><line number="29" hits="0"/><line number="32" hits="0"/><line number="33" hits="0"/><line number="34" hits="0"/><line number="39" hits="0"/><line number="40" hits="0"/><line number="45" hits="361"/><line number="46" hits="1083"/><line number="47" hits="1805"/><line number="48" hits="361"/><line number="56" hits="11"/><line number="57" hits="33"/><line number="59" hits="45"/><line number="60" hits="102"/><line number="61" hits="102"/><line number="62" hits="170"/><line number="63" hits="68"/><line number="68" hits="115"/><line number="70" hits="44"/><line number="74" hits="7"/><line number="75" hits="28"/><line number="76" hits="35"/><line number="83" hits="1"/><line number="84" hits="3"/><line number="85" hits="3"/><line number="86" hits="5"/><line number="99" hits="5"/><line number="102" hits="5"/><line number="107" hits="2"/><line number="108" hits="8"/><line number="112" hits="1"/><line number="113" hits="4"/><line number="114" hits="6"/><line number="118" hits="5"/><line number="119" hits="30"/><line number="123" hits="1"/><line number="124" hits="9"/><line number="125" hits="16"/><line number="126" hits="24"/><line number="127" hits="12"/><line number="132" hits="0"/><line number="133" hits="0"/><line number="135" hits="0"/><line number="136" hits="0"/><line number="137" hits="0"/><line number="139" hits="0"/></lines></class><class name="raft" filename="src/common/raft.rs" line-rate="0" branch-rate="0" complexity="0"><methods/><lines><line number="3" hits="0"/><line number="5" hits="0"/><line number="6" hits="0"/><line number="7" hits="0"/><line number="8" hits="0"/><line number="14" hits="0"/><line number="16" hits="0"/><line number="17" hits="0"/><line number="23" hits="0"/><line number="25" hits="0"/><line number="26" hits="0"/><line number="27" hits="0"/><line number="28" hits="0"/><line number="29" hits="0"/><line number="30" hits="0"/><line number="36" hits="0"/><line number="38" hits="0"/><line number="39" hits="0"/><line number="40" hits="0"/><line number="46" hits="0"/><line number="48" hits="0"/><line number="49" hits="0"/><line number="50" hits="0"/></lines></class><class name="utils" filename="src/common/utils.rs" line-rate="0.11904761904761904" branch-rate="0" complexity="0"><methods/><lines><line number="22" hits="1"/><line number="23" hits="2"/><line number="28" hits="1"/><line number="29" hits="2"/><line number="31" hits="3"/><line number="32" hits="1"/><line number="36" hits="0"/><line number="38" hits="0"/><line number="39" hits="0"/><line number="41" hits="0"/><line number="42" hits="0"/><line number="43" hits="0"/><line number="46" hits="0"/><line number="51" hits="0"/><line number="52" hits="0"/><line number="53" hits="0"/><line number="54" hits="0"/><line number="57" hits="0"/><line number="58" hits="0"/><line number="60" hits="0"/><line number="61" hits="0"/><line number="64" hits="0"/><line number="66" hits="0"/><line number="68" hits="0"/><line number="69" hits="0"/><line number="70" hits="0"/><line number="71" hits="0"/><line number="72" hits="0"/><line number="73" hits="0"/><line number="75" hits="0"/><line number="76" hits="0"/><line number="77" hits="0"/><line number="82" hits="0"/><line number="86" hits="0"/><line number="87" hits="0"/><line number="88" hits="0"/><line number="94" hits="0"/><line number="95" hits="0"/><line number="96" hits="0"/><line number="97" hits="0"/><line number="98" hits="0"/><line number="112" hits="8"/><line number="113" hits="10"/><line number="116" hits="0"/><line number="117" hits="0"/><line number="120" hits="0"/><line number="121" hits="0"/><line number="126" hits="0"/><line number="127" hits="0"/><line number="128" hits="0"/><line number="129" hits="0"/><line number="130" hits="0"/><line number="131" hits="0"/><line number="137" hits="0"/><line number="146" hits="0"/><line number="148" hits="0"/><line number="149" hits="0"/><line number="150" hits="0"/><line number="151" hits="0"/><line number="152" hits="0"/><line number="153" hits="0"/><line number="154" hits="0"/><line number="155" hits="0"/><line number="156" hits="0"/><line number="158" hits="0"/><line number="159" hits="0"/><line number="161" hits="0"/><line number="165" hits="0"/><line number="169" hits="0"/><line number="173" hits="0"/><line number="174" hits="0"/><line number="175" hits="0"/><line number="179" hits="12914"/><line number="180" hits="25828"/><line number="185" hits="0"/><line number="186" hits="0"/><line number="187" hits="0"/><line number="190" hits="0"/><line number="191" hits="0"/><line number="192" hits="0"/><line number="196" hits="0"/><line number="197" hits="0"/><line number="198" hits="0"/><line number="202" hits="0"/></lines></class></classes></package></packages></coverage>